This is pdfTeX, Version 3.1415926-2.5-1.40.14 (TeX Live 2013/Debian) (format=pdflatex 2014.10.8)  31 OCT 2014 20:31
entering extended mode
 restricted \write18 enabled.
 %&-line parsing enabled.
**plantillaEjemploSimplificada.tex
(./plantillaEjemploSimplificada.tex
LaTeX2e <2011/06/27>
Babel <3.9h> and hyphenation patterns for 78 languages loaded.
(./preambuloSimple.tex
(/usr/share/texlive/texmf-dist/tex/latex/koma-script/scrartcl.cls
Document Class: scrartcl 2013/12/19 v3.12 KOMA-Script document class (article)
(/usr/share/texlive/texmf-dist/tex/latex/koma-script/scrkbase.sty
Package: scrkbase 2013/12/19 v3.12 KOMA-Script package (KOMA-Script-dependent b
asics and keyval usage)

(/usr/share/texlive/texmf-dist/tex/latex/koma-script/scrbase.sty
Package: scrbase 2013/12/19 v3.12 KOMA-Script package (KOMA-Script-independent 
basics and keyval usage)

(/usr/share/texlive/texmf-dist/tex/latex/graphics/keyval.sty
Package: keyval 1999/03/16 v1.13 key=value parser (DPC)
\KV@toks@=\toks14
)
(/usr/share/texlive/texmf-dist/tex/latex/koma-script/scrlfile.sty
Package: scrlfile 2013/12/19 v3.12 KOMA-Script package (loading files)

Package scrlfile, 2013/12/19 v3.12 KOMA-Script package (loading files)
                  Copyright (C) Markus Kohm

))) (/usr/share/texlive/texmf-dist/tex/latex/koma-script/tocbasic.sty
Package: tocbasic 2013/12/19 v3.12 KOMA-Script package (handling toc-files)
)
Package tocbasic Info: omitting babel extension for `toc'
(tocbasic)             because of feature `nobabel' available
(tocbasic)             for `toc' on input line 115.
Package tocbasic Info: omitting babel extension for `lof'
(tocbasic)             because of feature `nobabel' available
(tocbasic)             for `lof' on input line 116.
Package tocbasic Info: omitting babel extension for `lot'
(tocbasic)             because of feature `nobabel' available
(tocbasic)             for `lot' on input line 117.
Class scrartcl Info: File `scrsize11pt.clo' used to setup font sizes on input l
ine 1531.

(/usr/share/texlive/texmf-dist/tex/latex/koma-script/scrsize11pt.clo
File: scrsize11pt.clo 2013/12/19 v3.12 KOMA-Script font size class option (11pt
)
)
(/usr/share/texlive/texmf-dist/tex/latex/koma-script/typearea.sty
Package: typearea 2013/12/19 v3.12 KOMA-Script package (type area)

Package typearea, 2013/12/19 v3.12 KOMA-Script package (type area)
                  Copyright (C) Frank Neukam, 1992-1994
                  Copyright (C) Markus Kohm, 1994-

\ta@bcor=\skip41
\ta@div=\count79
\ta@hblk=\skip42
\ta@vblk=\skip43
\ta@temp=\skip44
\footheight=\skip45
Package typearea Info: These are the values describing the layout:
(typearea)             DIV  = 10
(typearea)             BCOR = 0.0pt
(typearea)             \paperwidth      = 597.50793pt
(typearea)              \textwidth      = 418.25555pt
(typearea)              DIV departure   = -6%
(typearea)              \evensidemargin = 17.3562pt
(typearea)              \oddsidemargin  = 17.3562pt
(typearea)             \paperheight     = 845.04694pt
(typearea)              \textheight     = 595.80026pt
(typearea)              \topmargin      = -25.16531pt
(typearea)              \headheight     = 17.0pt
(typearea)              \headsep        = 20.40001pt
(typearea)              \topskip        = 11.0pt
(typearea)              \footskip       = 47.6pt
(typearea)              \baselineskip   = 13.6pt
(typearea)              on input line 1330.
)
\c@part=\count80
\c@section=\count81
\c@subsection=\count82
\c@subsubsection=\count83
\c@paragraph=\count84
\c@subparagraph=\count85
\abovecaptionskip=\skip46
\belowcaptionskip=\skip47
\c@pti@nb@sid@b@x=\box26
\c@figure=\count86
\c@table=\count87
\bibindent=\dimen102
) (/usr/share/texlive/texmf-dist/tex/latex/base/fontenc.sty
Package: fontenc 2005/09/27 v1.99g Standard LaTeX package

(/usr/share/texlive/texmf-dist/tex/latex/base/t1enc.def
File: t1enc.def 2005/09/27 v1.99g Standard LaTeX file
LaTeX Font Info:    Redeclaring font encoding T1 on input line 43.
))
(/usr/share/texlive/texmf-dist/tex/latex/base/inputenc.sty
Package: inputenc 2008/03/30 v1.1d Input encoding file
\inpenc@prehook=\toks15
\inpenc@posthook=\toks16

(/usr/share/texlive/texmf-dist/tex/latex/base/utf8.def
File: utf8.def 2008/04/05 v1.1m UTF-8 support for inputenc
Now handling font encoding OML ...
... no UTF-8 mapping file for font encoding OML
Now handling font encoding T1 ...
... processing UTF-8 mapping file for font encoding T1

(/usr/share/texlive/texmf-dist/tex/latex/base/t1enc.dfu
File: t1enc.dfu 2008/04/05 v1.1m UTF-8 support for inputenc
   defining Unicode char U+00A1 (decimal 161)
   defining Unicode char U+00A3 (decimal 163)
   defining Unicode char U+00AB (decimal 171)
   defining Unicode char U+00BB (decimal 187)
   defining Unicode char U+00BF (decimal 191)
   defining Unicode char U+00C0 (decimal 192)
   defining Unicode char U+00C1 (decimal 193)
   defining Unicode char U+00C2 (decimal 194)
   defining Unicode char U+00C3 (decimal 195)
   defining Unicode char U+00C4 (decimal 196)
   defining Unicode char U+00C5 (decimal 197)
   defining Unicode char U+00C6 (decimal 198)
   defining Unicode char U+00C7 (decimal 199)
   defining Unicode char U+00C8 (decimal 200)
   defining Unicode char U+00C9 (decimal 201)
   defining Unicode char U+00CA (decimal 202)
   defining Unicode char U+00CB (decimal 203)
   defining Unicode char U+00CC (decimal 204)
   defining Unicode char U+00CD (decimal 205)
   defining Unicode char U+00CE (decimal 206)
   defining Unicode char U+00CF (decimal 207)
   defining Unicode char U+00D0 (decimal 208)
   defining Unicode char U+00D1 (decimal 209)
   defining Unicode char U+00D2 (decimal 210)
   defining Unicode char U+00D3 (decimal 211)
   defining Unicode char U+00D4 (decimal 212)
   defining Unicode char U+00D5 (decimal 213)
   defining Unicode char U+00D6 (decimal 214)
   defining Unicode char U+00D8 (decimal 216)
   defining Unicode char U+00D9 (decimal 217)
   defining Unicode char U+00DA (decimal 218)
   defining Unicode char U+00DB (decimal 219)
   defining Unicode char U+00DC (decimal 220)
   defining Unicode char U+00DD (decimal 221)
   defining Unicode char U+00DE (decimal 222)
   defining Unicode char U+00DF (decimal 223)
   defining Unicode char U+00E0 (decimal 224)
   defining Unicode char U+00E1 (decimal 225)
   defining Unicode char U+00E2 (decimal 226)
   defining Unicode char U+00E3 (decimal 227)
   defining Unicode char U+00E4 (decimal 228)
   defining Unicode char U+00E5 (decimal 229)
   defining Unicode char U+00E6 (decimal 230)
   defining Unicode char U+00E7 (decimal 231)
   defining Unicode char U+00E8 (decimal 232)
   defining Unicode char U+00E9 (decimal 233)
   defining Unicode char U+00EA (decimal 234)
   defining Unicode char U+00EB (decimal 235)
   defining Unicode char U+00EC (decimal 236)
   defining Unicode char U+00ED (decimal 237)
   defining Unicode char U+00EE (decimal 238)
   defining Unicode char U+00EF (decimal 239)
   defining Unicode char U+00F0 (decimal 240)
   defining Unicode char U+00F1 (decimal 241)
   defining Unicode char U+00F2 (decimal 242)
   defining Unicode char U+00F3 (decimal 243)
   defining Unicode char U+00F4 (decimal 244)
   defining Unicode char U+00F5 (decimal 245)
   defining Unicode char U+00F6 (decimal 246)
   defining Unicode char U+00F8 (decimal 248)
   defining Unicode char U+00F9 (decimal 249)
   defining Unicode char U+00FA (decimal 250)
   defining Unicode char U+00FB (decimal 251)
   defining Unicode char U+00FC (decimal 252)
   defining Unicode char U+00FD (decimal 253)
   defining Unicode char U+00FE (decimal 254)
   defining Unicode char U+00FF (decimal 255)
   defining Unicode char U+0102 (decimal 258)
   defining Unicode char U+0103 (decimal 259)
   defining Unicode char U+0104 (decimal 260)
   defining Unicode char U+0105 (decimal 261)
   defining Unicode char U+0106 (decimal 262)
   defining Unicode char U+0107 (decimal 263)
   defining Unicode char U+010C (decimal 268)
   defining Unicode char U+010D (decimal 269)
   defining Unicode char U+010E (decimal 270)
   defining Unicode char U+010F (decimal 271)
   defining Unicode char U+0110 (decimal 272)
   defining Unicode char U+0111 (decimal 273)
   defining Unicode char U+0118 (decimal 280)
   defining Unicode char U+0119 (decimal 281)
   defining Unicode char U+011A (decimal 282)
   defining Unicode char U+011B (decimal 283)
   defining Unicode char U+011E (decimal 286)
   defining Unicode char U+011F (decimal 287)
   defining Unicode char U+0130 (decimal 304)
   defining Unicode char U+0131 (decimal 305)
   defining Unicode char U+0132 (decimal 306)
   defining Unicode char U+0133 (decimal 307)
   defining Unicode char U+0139 (decimal 313)
   defining Unicode char U+013A (decimal 314)
   defining Unicode char U+013D (decimal 317)
   defining Unicode char U+013E (decimal 318)
   defining Unicode char U+0141 (decimal 321)
   defining Unicode char U+0142 (decimal 322)
   defining Unicode char U+0143 (decimal 323)
   defining Unicode char U+0144 (decimal 324)
   defining Unicode char U+0147 (decimal 327)
   defining Unicode char U+0148 (decimal 328)
   defining Unicode char U+014A (decimal 330)
   defining Unicode char U+014B (decimal 331)
   defining Unicode char U+0150 (decimal 336)
   defining Unicode char U+0151 (decimal 337)
   defining Unicode char U+0152 (decimal 338)
   defining Unicode char U+0153 (decimal 339)
   defining Unicode char U+0154 (decimal 340)
   defining Unicode char U+0155 (decimal 341)
   defining Unicode char U+0158 (decimal 344)
   defining Unicode char U+0159 (decimal 345)
   defining Unicode char U+015A (decimal 346)
   defining Unicode char U+015B (decimal 347)
   defining Unicode char U+015E (decimal 350)
   defining Unicode char U+015F (decimal 351)
   defining Unicode char U+0160 (decimal 352)
   defining Unicode char U+0161 (decimal 353)
   defining Unicode char U+0162 (decimal 354)
   defining Unicode char U+0163 (decimal 355)
   defining Unicode char U+0164 (decimal 356)
   defining Unicode char U+0165 (decimal 357)
   defining Unicode char U+016E (decimal 366)
   defining Unicode char U+016F (decimal 367)
   defining Unicode char U+0170 (decimal 368)
   defining Unicode char U+0171 (decimal 369)
   defining Unicode char U+0178 (decimal 376)
   defining Unicode char U+0179 (decimal 377)
   defining Unicode char U+017A (decimal 378)
   defining Unicode char U+017B (decimal 379)
   defining Unicode char U+017C (decimal 380)
   defining Unicode char U+017D (decimal 381)
   defining Unicode char U+017E (decimal 382)
   defining Unicode char U+200C (decimal 8204)
   defining Unicode char U+2013 (decimal 8211)
   defining Unicode char U+2014 (decimal 8212)
   defining Unicode char U+2018 (decimal 8216)
   defining Unicode char U+2019 (decimal 8217)
   defining Unicode char U+201A (decimal 8218)
   defining Unicode char U+201C (decimal 8220)
   defining Unicode char U+201D (decimal 8221)
   defining Unicode char U+201E (decimal 8222)
   defining Unicode char U+2030 (decimal 8240)
   defining Unicode char U+2031 (decimal 8241)
   defining Unicode char U+2039 (decimal 8249)
   defining Unicode char U+203A (decimal 8250)
   defining Unicode char U+2423 (decimal 9251)
)
Now handling font encoding OT1 ...
... processing UTF-8 mapping file for font encoding OT1

(/usr/share/texlive/texmf-dist/tex/latex/base/ot1enc.dfu
File: ot1enc.dfu 2008/04/05 v1.1m UTF-8 support for inputenc
   defining Unicode char U+00A1 (decimal 161)
   defining Unicode char U+00A3 (decimal 163)
   defining Unicode char U+00B8 (decimal 184)
   defining Unicode char U+00BF (decimal 191)
   defining Unicode char U+00C5 (decimal 197)
   defining Unicode char U+00C6 (decimal 198)
   defining Unicode char U+00D8 (decimal 216)
   defining Unicode char U+00DF (decimal 223)
   defining Unicode char U+00E6 (decimal 230)
   defining Unicode char U+00EC (decimal 236)
   defining Unicode char U+00ED (decimal 237)
   defining Unicode char U+00EE (decimal 238)
   defining Unicode char U+00EF (decimal 239)
   defining Unicode char U+00F8 (decimal 248)
   defining Unicode char U+0131 (decimal 305)
   defining Unicode char U+0141 (decimal 321)
   defining Unicode char U+0142 (decimal 322)
   defining Unicode char U+0152 (decimal 338)
   defining Unicode char U+0153 (decimal 339)
   defining Unicode char U+2013 (decimal 8211)
   defining Unicode char U+2014 (decimal 8212)
   defining Unicode char U+2018 (decimal 8216)
   defining Unicode char U+2019 (decimal 8217)
   defining Unicode char U+201C (decimal 8220)
   defining Unicode char U+201D (decimal 8221)
)
Now handling font encoding OMS ...
... processing UTF-8 mapping file for font encoding OMS

(/usr/share/texlive/texmf-dist/tex/latex/base/omsenc.dfu
File: omsenc.dfu 2008/04/05 v1.1m UTF-8 support for inputenc
   defining Unicode char U+00A7 (decimal 167)
   defining Unicode char U+00B6 (decimal 182)
   defining Unicode char U+00B7 (decimal 183)
   defining Unicode char U+2020 (decimal 8224)
   defining Unicode char U+2021 (decimal 8225)
   defining Unicode char U+2022 (decimal 8226)
)
Now handling font encoding OMX ...
... no UTF-8 mapping file for font encoding OMX
Now handling font encoding U ...
... no UTF-8 mapping file for font encoding U
   defining Unicode char U+00A9 (decimal 169)
   defining Unicode char U+00AA (decimal 170)
   defining Unicode char U+00AE (decimal 174)
   defining Unicode char U+00BA (decimal 186)
   defining Unicode char U+02C6 (decimal 710)
   defining Unicode char U+02DC (decimal 732)
   defining Unicode char U+200C (decimal 8204)
   defining Unicode char U+2026 (decimal 8230)
   defining Unicode char U+2122 (decimal 8482)
   defining Unicode char U+2423 (decimal 9251)
))
(/usr/share/texlive/texmf-dist/tex/generic/babel/babel.sty
Package: babel 2013/12/03 3.9h The Babel package

(/usr/share/texlive/texmf-dist/tex/generic/babel-spanish/spanish.ldf
Language: spanish.ldf 2014/01/29 v5.0m Spanish support from the babel system

(/usr/share/texlive/texmf-dist/tex/generic/babel/babel.def
File: babel.def 2013/12/03 3.9h Babel common definitions
\babel@savecnt=\count88
\U@D=\dimen103
)
\es@datefmt=\count89
\es@quottoks=\toks17
\es@quotdepth=\count90
Package babel Info: Making " an active character on input line 496.
Package babel Info: Making . an active character on input line 599.
Package babel Info: Making < an active character on input line 644.
Package babel Info: Making > an active character on input line 644.
))
(/usr/share/texlive/texmf-dist/tex/latex/amsmath/amsmath.sty
Package: amsmath 2013/01/14 v2.14 AMS math features
\@mathmargin=\skip48

For additional information on amsmath, use the `?' option.
(/usr/share/texlive/texmf-dist/tex/latex/amsmath/amstext.sty
Package: amstext 2000/06/29 v2.01

(/usr/share/texlive/texmf-dist/tex/latex/amsmath/amsgen.sty
File: amsgen.sty 1999/11/30 v2.0
\@emptytoks=\toks18
\ex@=\dimen104
))
(/usr/share/texlive/texmf-dist/tex/latex/amsmath/amsbsy.sty
Package: amsbsy 1999/11/29 v1.2d
\pmbraise@=\dimen105
)
(/usr/share/texlive/texmf-dist/tex/latex/amsmath/amsopn.sty
Package: amsopn 1999/12/14 v2.01 operator names
)
\inf@bad=\count91
LaTeX Info: Redefining \frac on input line 210.
\uproot@=\count92
\leftroot@=\count93
LaTeX Info: Redefining \overline on input line 306.
\classnum@=\count94
\DOTSCASE@=\count95
LaTeX Info: Redefining \ldots on input line 378.
LaTeX Info: Redefining \dots on input line 381.
LaTeX Info: Redefining \cdots on input line 466.
\Mathstrutbox@=\box27
\strutbox@=\box28
\big@size=\dimen106
LaTeX Font Info:    Redeclaring font encoding OML on input line 566.
LaTeX Font Info:    Redeclaring font encoding OMS on input line 567.
\macc@depth=\count96
\c@MaxMatrixCols=\count97
\dotsspace@=\muskip10
\c@parentequation=\count98
\dspbrk@lvl=\count99
\tag@help=\toks19
\row@=\count100
\column@=\count101
\maxfields@=\count102
\andhelp@=\toks20
\eqnshift@=\dimen107
\alignsep@=\dimen108
\tagshift@=\dimen109
\tagwidth@=\dimen110
\totwidth@=\dimen111
\lineht@=\dimen112
\@envbody=\toks21
\multlinegap=\skip49
\multlinetaggap=\skip50
\mathdisplay@stack=\toks22
LaTeX Info: Redefining \[ on input line 2665.
LaTeX Info: Redefining \] on input line 2666.
)
(/usr/share/texlive/texmf-dist/tex/latex/amsfonts/amsfonts.sty
Package: amsfonts 2013/01/14 v3.01 Basic AMSFonts support
\symAMSa=\mathgroup4
\symAMSb=\mathgroup5
LaTeX Font Info:    Overwriting math alphabet `\mathfrak' in version `bold'
(Font)                  U/euf/m/n --> U/euf/b/n on input line 106.
)
(/usr/share/texlive/texmf-dist/tex/latex/amscls/amsthm.sty
Package: amsthm 2004/08/06 v2.20
\thm@style=\toks23
\thm@bodyfont=\toks24
\thm@headfont=\toks25
\thm@notefont=\toks26
\thm@headpunct=\toks27
\thm@preskip=\skip51
\thm@postskip=\skip52
\thm@headsep=\skip53
\dth@everypar=\toks28
)
(/usr/share/texlive/texmf-dist/tex/latex/graphics/graphics.sty
Package: graphics 2009/02/05 v1.0o Standard LaTeX Graphics (DPC,SPQR)

(/usr/share/texlive/texmf-dist/tex/latex/graphics/trig.sty
Package: trig 1999/03/16 v1.09 sin cos tan (DPC)
)
(/usr/share/texlive/texmf-dist/tex/latex/latexconfig/graphics.cfg
File: graphics.cfg 2010/04/23 v1.9 graphics configuration of TeX Live
)
Package graphics Info: Driver file: pdftex.def on input line 91.

(/usr/share/texlive/texmf-dist/tex/latex/pdftex-def/pdftex.def
File: pdftex.def 2011/05/27 v0.06d Graphics/color for pdfTeX

(/usr/share/texlive/texmf-dist/tex/generic/oberdiek/infwarerr.sty
Package: infwarerr 2010/04/08 v1.3 Providing info/warning/error messages (HO)
)
(/usr/share/texlive/texmf-dist/tex/generic/oberdiek/ltxcmds.sty
Package: ltxcmds 2011/11/09 v1.22 LaTeX kernel commands for general use (HO)
)
\Gread@gobject=\count103
))
(/usr/share/texlive/texmf-dist/tex/latex/graphics/graphicx.sty
Package: graphicx 1999/02/16 v1.0f Enhanced LaTeX Graphics (DPC,SPQR)
\Gin@req@height=\dimen113
\Gin@req@width=\dimen114
)
(/usr/share/texlive/texmf-dist/tex/latex/float/float.sty
Package: float 2001/11/08 v1.3d Float enhancements (AL)
\c@float@type=\count104
\float@exts=\toks29
\float@box=\box29
\@float@everytoks=\toks30
\@floatcapt=\box30
)
(/usr/share/texlive/texmf-dist/tex/latex/url/url.sty
\Urlmuskip=\muskip11
Package: url 2013/09/16  ver 3.4  Verb mode for urls, etc.
)

Class scrartcl Warning: Usage of package `fancyhdr' together
(scrartcl)              with a KOMA-Script class is not recommended.
(scrartcl)              I'd suggest to use 
(scrartcl)              package `scrpage2' or `scrlayer-scrpage'.
(scrartcl)              Nevertheless, using requested
(scrartcl)              package `fancyhdr' on input line 38.

(/usr/share/texlive/texmf-dist/tex/latex/fancyhdr/fancyhdr.sty
\fancy@headwidth=\skip54
\f@ncyO@elh=\skip55
\f@ncyO@erh=\skip56
\f@ncyO@olh=\skip57
\f@ncyO@orh=\skip58
\f@ncyO@elf=\skip59
\f@ncyO@erf=\skip60
\f@ncyO@olf=\skip61
\f@ncyO@orf=\skip62
))
(./plantillaEjemploSimplificada.aux
LaTeX Info: Redefining \. on input line 6.
LaTeX Info: Redefining \% on input line 6.
)
\openout1 = `plantillaEjemploSimplificada.aux'.

LaTeX Font Info:    Checking defaults for OML/cmm/m/it on input line 22.
LaTeX Font Info:    ... okay on input line 22.
LaTeX Font Info:    Checking defaults for T1/cmr/m/n on input line 22.
LaTeX Font Info:    ... okay on input line 22.
LaTeX Font Info:    Checking defaults for OT1/cmr/m/n on input line 22.
LaTeX Font Info:    ... okay on input line 22.
LaTeX Font Info:    Checking defaults for OMS/cmsy/m/n on input line 22.
LaTeX Font Info:    ... okay on input line 22.
LaTeX Font Info:    Checking defaults for OMX/cmex/m/n on input line 22.
LaTeX Font Info:    ... okay on input line 22.
LaTeX Font Info:    Checking defaults for U/cmr/m/n on input line 22.
LaTeX Font Info:    ... okay on input line 22.
LaTeX Info: Redefining \. on input line 22.
LaTeX Info: Redefining \% on input line 22.

(/usr/share/texlive/texmf-dist/tex/context/base/supp-pdf.mkii
[Loading MPS to PDF converter (version 2006.09.02).]
\scratchcounter=\count105
\scratchdimen=\dimen115
\scratchbox=\box31
\nofMPsegments=\count106
\nofMParguments=\count107
\everyMPshowfont=\toks31
\MPscratchCnt=\count108
\MPscratchDim=\dimen116
\MPnumerator=\count109
\makeMPintoPDFobject=\count110
\everyMPtoPDFconversion=\toks32
) (/usr/share/texlive/texmf-dist/tex/generic/oberdiek/pdftexcmds.sty
Package: pdftexcmds 2011/11/29 v0.20 Utility functions of pdfTeX for LuaTeX (HO
)

(/usr/share/texlive/texmf-dist/tex/generic/oberdiek/ifluatex.sty
Package: ifluatex 2010/03/01 v1.3 Provides the ifluatex switch (HO)
Package ifluatex Info: LuaTeX not detected.
)
(/usr/share/texlive/texmf-dist/tex/generic/oberdiek/ifpdf.sty
Package: ifpdf 2011/01/30 v2.3 Provides the ifpdf switch (HO)
Package ifpdf Info: pdfTeX in PDF mode is detected.
)
Package pdftexcmds Info: LuaTeX not detected.
Package pdftexcmds Info: \pdf@primitive is available.
Package pdftexcmds Info: \pdf@ifprimitive is available.
Package pdftexcmds Info: \pdfdraftmode found.
)
(/usr/share/texlive/texmf-dist/tex/latex/oberdiek/epstopdf-base.sty
Package: epstopdf-base 2010/02/09 v2.5 Base part for package epstopdf

(/usr/share/texlive/texmf-dist/tex/latex/oberdiek/grfext.sty
Package: grfext 2010/08/19 v1.1 Manage graphics extensions (HO)

(/usr/share/texlive/texmf-dist/tex/generic/oberdiek/kvdefinekeys.sty
Package: kvdefinekeys 2011/04/07 v1.3 Define keys (HO)
))
(/usr/share/texlive/texmf-dist/tex/latex/oberdiek/kvoptions.sty
Package: kvoptions 2011/06/30 v3.11 Key value format for package options (HO)

(/usr/share/texlive/texmf-dist/tex/generic/oberdiek/kvsetkeys.sty
Package: kvsetkeys 2012/04/25 v1.16 Key value parser (HO)

(/usr/share/texlive/texmf-dist/tex/generic/oberdiek/etexcmds.sty
Package: etexcmds 2011/02/16 v1.5 Avoid name clashes with e-TeX commands (HO)
Package etexcmds Info: Could not find \expanded.
(etexcmds)             That can mean that you are not using pdfTeX 1.50 or
(etexcmds)             that some package has redefined \expanded.
(etexcmds)             In the latter case, load this package earlier.
)))
Package grfext Info: Graphics extension search list:
(grfext)             [.png,.pdf,.jpg,.mps,.jpeg,.jbig2,.jb2,.PNG,.PDF,.JPG,.JPE
G,.JBIG2,.JB2,.eps]
(grfext)             \AppendGraphicsExtensions on input line 452.

(/usr/share/texlive/texmf-dist/tex/latex/latexconfig/epstopdf-sys.cfg
File: epstopdf-sys.cfg 2010/07/13 v1.3 Configuration of (r)epstopdf for TeX Liv
e
))
LaTeX Font Info:    Try loading font information for T1+cmss on input line 24.

(/usr/share/texlive/texmf-dist/tex/latex/base/t1cmss.fd
File: t1cmss.fd 1999/05/25 v2.5h Standard LaTeX font definitions
)

Class scrartcl Warning: Usage of deprecated font command `\bf'!
(scrartcl)              You should note, that in 1994 font command `\bf' has
(scrartcl)              been defined for compatiblitiy to Script 2.0 only.
(scrartcl)              Now, after two decades of LaTeX2e and NFSS2, you
(scrartcl)              shouldn't use such commands any longer and within
(scrartcl)              KOMA-Script usage of `\bf' is definitely deprecated.
(scrartcl)              See `fntguide.pdf' for more information about
(scrartcl)              recommended font commands.
(scrartcl)              Note also, that KOMA-Script will remove the definition
(scrartcl)              of `\bf' anytime until release of about version 3.20.
(scrartcl)              But for now, KOMA-Script will replace deprecated `\bf'
(scrartcl)              by `\normalfont \bfseries ' on input line 24.

LaTeX Font Info:    Try loading font information for U+msa on input line 24.
(/usr/share/texlive/texmf-dist/tex/latex/amsfonts/umsa.fd
File: umsa.fd 2013/01/14 v3.01 AMS symbols A
)
LaTeX Font Info:    Try loading font information for U+msb on input line 24.

(/usr/share/texlive/texmf-dist/tex/latex/amsfonts/umsb.fd
File: umsb.fd 2013/01/14 v3.01 AMS symbols B
) [1




{/var/lib/texmf/fonts/map/pdftex/updmap/pdftex.map}] (./plantillaEjemploSimplif
icada.toc
LaTeX Info: Redefining \. on input line 1.
LaTeX Info: Redefining \% on input line 1.

Overfull \hbox (46.61746pt too wide) in paragraph at lines 20--20
 [][] []\T1/cmss/bx/n/10.95 Muestre un ejem-plo de uso del co-man-do (p.ej. htt
p://fedoraproject.org/wiki/VMWare) []  
 []

[2])
\tf@toc=\write3
\openout3 = `plantillaEjemploSimplificada.toc'.

 (./plantillaEjemploSimplificada.lof
LaTeX Info: Redefining \. on input line 1.
LaTeX Info: Redefining \% on input line 1.

Overfull \hbox (2.7858pt too wide) detected at line 19
\T1/cmr/m/n/10.95 15.10. 
 []


Overfull \hbox (2.7858pt too wide) detected at line 20
\T1/cmr/m/n/10.95 15.11. 
 []


Overfull \hbox (2.7858pt too wide) detected at line 21
\T1/cmr/m/n/10.95 15.12. 
 []

[3]
LaTeX Font Info:    Try loading font information for T1+cmtt on input line 22.
 (/usr/share/texlive/texmf-dist/tex/latex/base/t1cmtt.fd
File: t1cmtt.fd 1999/05/25 v2.5h Standard LaTeX font definitions
))
\tf@lof=\write4
\openout4 = `plantillaEjemploSimplificada.lof'.

 [4]
LaTeX Font Info:    Try loading font information for OMS+cmr on input line 42.

(/usr/share/texlive/texmf-dist/tex/latex/base/omscmr.fd
File: omscmr.fd 1999/05/25 v2.5h Standard LaTeX font definitions
)
LaTeX Font Info:    Font shape `OMS/cmr/m/n' in size <10.95> not available
(Font)              Font shape `OMS/cmsy/m/n' tried instead on input line 42.
 [5]
Overfull \hbox (4.09239pt too wide) in paragraph at lines 99--100
[]\T1/cmr/m/n/10.95 wget http://dl.fedoraproject.org/pub/epel/6/i386/epel-relea
se-6-7.noarch.rpm 
 []

[6]
Overfull \hbox (2.45558pt too wide) in paragraph at lines 178--179
[]\T1/cmr/m/n/10.95 Solución: En la car-pe-ta /ho-me exi-ten tres fi-che-ros (X
aut-ho-rity, .Xautority-c y .Xauthority-
 []

[7] [8]
Underfull \hbox (badness 10000) in paragraph at lines 271--271
[][]\T1/cmr/m/n/9 http://www.linuxparatodos.net/web/comunidad/base-de-conocimie
nto/-
 []

[9]
Package epstopdf Info: Source file: <Imagenes/pregunta12.eps>
(epstopdf)                    date: 2014-10-31 13:06:37
(epstopdf)                    size: 4179795 bytes
(epstopdf)             Output file: <Imagenes/pregunta12-eps-converted-to.pdf>
(epstopdf)                    date: 2014-10-31 13:11:47
(epstopdf)                    size: 100314 bytes
(epstopdf)             Command: <repstopdf --outfile=Imagenes/pregunta12-eps-co
nverted-to.pdf Imagenes/pregunta12.eps>
(epstopdf)             \includegraphics on input line 301.
Package epstopdf Info: Output file is already uptodate.

<Imagenes/pregunta12-eps-converted-to.pdf, id=44, 1039.885pt x 665.48625pt>
File: Imagenes/pregunta12-eps-converted-to.pdf Graphic file (type pdf)

<use Imagenes/pregunta12-eps-converted-to.pdf>
Package pdftex.def Info: Imagenes/pregunta12-eps-converted-to.pdf used on input
 line 301.
(pdftex.def)             Requested size: 415.94662pt x 266.18977pt.
 [10 <./Imagenes/pregunta12-eps-converted-to.pdf>]
Overfull \hbox (1.5661pt too wide) in paragraph at lines 320--321
[]\T1/cmr/m/n/10.95 para apli-car el par-che es-cri-bir-mos en ter-mi-nal : "pa
tch ori-gi-nal -i ar-chi-vo_parche.diff
 []

Package epstopdf Info: Source file: <Imagenes/pregunta15-1.eps>
(epstopdf)                    date: 2014-10-31 13:51:31
(epstopdf)                    size: 3036650 bytes
(epstopdf)             Output file: <Imagenes/pregunta15-1-eps-converted-to.pdf
>
(epstopdf)                    date: 2014-10-31 14:07:13
(epstopdf)                    size: 85779 bytes
(epstopdf)             Command: <repstopdf --outfile=Imagenes/pregunta15-1-eps-
converted-to.pdf Imagenes/pregunta15-1.eps>
(epstopdf)             \includegraphics on input line 345.
Package epstopdf Info: Output file is already uptodate.
<Imagenes/pregunta15-1-eps-converted-to.pdf, id=51, 937.5025pt x 536.0025pt>
File: Imagenes/pregunta15-1-eps-converted-to.pdf Graphic file (type pdf)

<use Imagenes/pregunta15-1-eps-converted-to.pdf>
Package pdftex.def Info: Imagenes/pregunta15-1-eps-converted-to.pdf used on inp
ut line 345.
(pdftex.def)             Requested size: 374.99435pt x 214.3972pt.
 [11]
Package epstopdf Info: Source file: <Imagenes/pregunta15-2.eps>
(epstopdf)                    date: 2014-10-31 13:51:40
(epstopdf)                    size: 4401994 bytes
(epstopdf)             Output file: <Imagenes/pregunta15-2-eps-converted-to.pdf
>
(epstopdf)                    date: 2014-10-31 14:07:16
(epstopdf)                    size: 182839 bytes
(epstopdf)             Command: <repstopdf --outfile=Imagenes/pregunta15-2-eps-
converted-to.pdf Imagenes/pregunta15-2.eps>
(epstopdf)             \includegraphics on input line 354.
Package epstopdf Info: Output file is already uptodate.

<Imagenes/pregunta15-2-eps-converted-to.pdf, id=55, 1035.87pt x 703.62875pt>
File: Imagenes/pregunta15-2-eps-converted-to.pdf Graphic file (type pdf)

<use Imagenes/pregunta15-2-eps-converted-to.pdf>
Package pdftex.def Info: Imagenes/pregunta15-2-eps-converted-to.pdf used on inp
ut line 354.
(pdftex.def)             Requested size: 310.7634pt x 211.09026pt.
Package epstopdf Info: Source file: <Imagenes/pregunta15-3.eps>
(epstopdf)                    date: 2014-10-31 13:51:50
(epstopdf)                    size: 2995266 bytes
(epstopdf)             Output file: <Imagenes/pregunta15-3-eps-converted-to.pdf
>
(epstopdf)                    date: 2014-10-31 14:07:18
(epstopdf)                    size: 125507 bytes
(epstopdf)             Command: <repstopdf --outfile=Imagenes/pregunta15-3-eps-
converted-to.pdf Imagenes/pregunta15-3.eps>
(epstopdf)             \includegraphics on input line 363.
Package epstopdf Info: Output file is already uptodate.

<Imagenes/pregunta15-3-eps-converted-to.pdf, id=56, 904.37875pt x 548.0475pt>
File: Imagenes/pregunta15-3-eps-converted-to.pdf Graphic file (type pdf)

<use Imagenes/pregunta15-3-eps-converted-to.pdf>
Package pdftex.def Info: Imagenes/pregunta15-3-eps-converted-to.pdf used on inp
ut line 363.
(pdftex.def)             Requested size: 271.31572pt x 164.41551pt.
 [12 <./Imagenes/pregunta15-1-eps-converted-to.pdf> <./Imagenes/pregunta15-2-ep
s-converted-to.pdf>]
Package epstopdf Info: Source file: <Imagenes/pregunta15-4.eps>
(epstopdf)                    date: 2014-10-31 13:51:57
(epstopdf)                    size: 1603449 bytes
(epstopdf)             Output file: <Imagenes/pregunta15-4-eps-converted-to.pdf
>
(epstopdf)                    date: 2014-10-31 14:07:19
(epstopdf)                    size: 70163 bytes
(epstopdf)             Command: <repstopdf --outfile=Imagenes/pregunta15-4-eps-
converted-to.pdf Imagenes/pregunta15-4.eps>
(epstopdf)             \includegraphics on input line 372.
Package epstopdf Info: Output file is already uptodate.

<Imagenes/pregunta15-4-eps-converted-to.pdf, id=66, 1030.85126pt x 256.96pt>
File: Imagenes/pregunta15-4-eps-converted-to.pdf Graphic file (type pdf)

<use Imagenes/pregunta15-4-eps-converted-to.pdf>
Package pdftex.def Info: Imagenes/pregunta15-4-eps-converted-to.pdf used on inp
ut line 372.
(pdftex.def)             Requested size: 412.33319pt x 102.78217pt.
Package epstopdf Info: Source file: <Imagenes/pregunta15-5.eps>
(epstopdf)                    date: 2014-10-31 13:52:03
(epstopdf)                    size: 3751393 bytes
(epstopdf)             Output file: <Imagenes/pregunta15-5-eps-converted-to.pdf
>
(epstopdf)                    date: 2014-10-31 14:07:22
(epstopdf)                    size: 120564 bytes
(epstopdf)             Command: <repstopdf --outfile=Imagenes/pregunta15-5-eps-
converted-to.pdf Imagenes/pregunta15-5.eps>
(epstopdf)             \includegraphics on input line 381.
Package epstopdf Info: Output file is already uptodate.

<Imagenes/pregunta15-5-eps-converted-to.pdf, id=67, 1032.85875pt x 601.24625pt>
File: Imagenes/pregunta15-5-eps-converted-to.pdf Graphic file (type pdf)
<use Imagenes/pregunta15-5-eps-converted-to.pdf>
Package pdftex.def Info: Imagenes/pregunta15-5-eps-converted-to.pdf used on inp
ut line 381.
(pdftex.def)             Requested size: 309.86002pt x 180.37526pt.
 [13 <./Imagenes/pregunta15-3-eps-converted-to.pdf> <./Imagenes/pregunta15-4-ep
s-converted-to.pdf>]
Package epstopdf Info: Source file: <Imagenes/pregunta15-6.eps>
(epstopdf)                    date: 2014-10-31 13:52:10
(epstopdf)                    size: 3317823 bytes
(epstopdf)             Output file: <Imagenes/pregunta15-6-eps-converted-to.pdf
>
(epstopdf)                    date: 2014-10-31 14:07:24
(epstopdf)                    size: 76479 bytes
(epstopdf)             Command: <repstopdf --outfile=Imagenes/pregunta15-6-eps-
converted-to.pdf Imagenes/pregunta15-6.eps>
(epstopdf)             \includegraphics on input line 392.
Package epstopdf Info: Output file is already uptodate.

<Imagenes/pregunta15-6-eps-converted-to.pdf, id=78, 978.65625pt x 561.09625pt>
File: Imagenes/pregunta15-6-eps-converted-to.pdf Graphic file (type pdf)

<use Imagenes/pregunta15-6-eps-converted-to.pdf>
Package pdftex.def Info: Imagenes/pregunta15-6-eps-converted-to.pdf used on inp
ut line 392.
(pdftex.def)             Requested size: 293.59914pt x 168.33017pt.
Package epstopdf Info: Source file: <Imagenes/pregunta15-7.eps>
(epstopdf)                    date: 2014-10-31 13:52:18
(epstopdf)                    size: 3254070 bytes
(epstopdf)             Output file: <Imagenes/pregunta15-7-eps-converted-to.pdf
>
(epstopdf)                    date: 2014-10-31 14:07:27
(epstopdf)                    size: 99245 bytes
(epstopdf)             Command: <repstopdf --outfile=Imagenes/pregunta15-7-eps-
converted-to.pdf Imagenes/pregunta15-7.eps>
(epstopdf)             \includegraphics on input line 402.
Package epstopdf Info: Output file is already uptodate.

<Imagenes/pregunta15-7-eps-converted-to.pdf, id=79, 982.67125pt x 548.0475pt>
File: Imagenes/pregunta15-7-eps-converted-to.pdf Graphic file (type pdf)

<use Imagenes/pregunta15-7-eps-converted-to.pdf>
Package pdftex.def Info: Imagenes/pregunta15-7-eps-converted-to.pdf used on inp
ut line 402.
(pdftex.def)             Requested size: 294.80365pt x 164.41551pt.
 [14 <./Imagenes/pregunta15-5-eps-converted-to.pdf> <./Imagenes/pregunta15-6-ep
s-converted-to.pdf>]
Package epstopdf Info: Source file: <Imagenes/pregunta16-1.eps>
(epstopdf)                    date: 2014-10-31 14:17:17
(epstopdf)                    size: 246371 bytes
(epstopdf)             Output file: <Imagenes/pregunta16-1-eps-converted-to.pdf
>
(epstopdf)                    date: 2014-10-31 17:14:54
(epstopdf)                    size: 14121 bytes
(epstopdf)             Command: <repstopdf --outfile=Imagenes/pregunta16-1-eps-
converted-to.pdf Imagenes/pregunta16-1.eps>
(epstopdf)             \includegraphics on input line 419.
Package epstopdf Info: Output file is already uptodate.

<Imagenes/pregunta16-1-eps-converted-to.pdf, id=89, 593.21625pt x 67.25125pt>
File: Imagenes/pregunta16-1-eps-converted-to.pdf Graphic file (type pdf)

<use Imagenes/pregunta16-1-eps-converted-to.pdf>
Package pdftex.def Info: Imagenes/pregunta16-1-eps-converted-to.pdf used on inp
ut line 419.
(pdftex.def)             Requested size: 237.28229pt x 26.90001pt.
Package epstopdf Info: Source file: <Imagenes/pregunta16-2.eps>
(epstopdf)                    date: 2014-10-31 14:17:23
(epstopdf)                    size: 1090279 bytes
(epstopdf)             Output file: <Imagenes/pregunta16-2-eps-converted-to.pdf
>
(epstopdf)                    date: 2014-10-31 17:14:55
(epstopdf)                    size: 44194 bytes
(epstopdf)             Command: <repstopdf --outfile=Imagenes/pregunta16-2-eps-
converted-to.pdf Imagenes/pregunta16-2.eps>
(epstopdf)             \includegraphics on input line 426.
Package epstopdf Info: Output file is already uptodate.

<Imagenes/pregunta16-2-eps-converted-to.pdf, id=90, 591.20876pt x 304.13625pt>
File: Imagenes/pregunta16-2-eps-converted-to.pdf Graphic file (type pdf)

<use Imagenes/pregunta16-2-eps-converted-to.pdf>
Package pdftex.def Info: Imagenes/pregunta16-2-eps-converted-to.pdf used on inp
ut line 426.
(pdftex.def)             Requested size: 236.47931pt x 121.65233pt.
 [15 <./Imagenes/pregunta15-7-eps-converted-to.pdf> <./Imagenes/pregunta16-1-ep
s-converted-to.pdf>]
Package epstopdf Info: Source file: <Imagenes/pregunta16-3.eps>
(epstopdf)                    date: 2014-10-31 14:17:29
(epstopdf)                    size: 1115893 bytes
(epstopdf)             Output file: <Imagenes/pregunta16-3-eps-converted-to.pdf
>
(epstopdf)                    date: 2014-10-31 17:14:56
(epstopdf)                    size: 41436 bytes
(epstopdf)             Command: <repstopdf --outfile=Imagenes/pregunta16-3-eps-
converted-to.pdf Imagenes/pregunta16-3.eps>
(epstopdf)             \includegraphics on input line 436.
Package epstopdf Info: Output file is already uptodate.

<Imagenes/pregunta16-3-eps-converted-to.pdf, id=100, 599.23875pt x 307.1475pt>
File: Imagenes/pregunta16-3-eps-converted-to.pdf Graphic file (type pdf)

<use Imagenes/pregunta16-3-eps-converted-to.pdf>
Package pdftex.def Info: Imagenes/pregunta16-3-eps-converted-to.pdf used on inp
ut line 436.
(pdftex.def)             Requested size: 239.69125pt x 122.85681pt.
Package epstopdf Info: Source file: <Imagenes/pregunta16-4.eps>
(epstopdf)                    date: 2014-10-31 14:17:35
(epstopdf)                    size: 345626 bytes
(epstopdf)             Output file: <Imagenes/pregunta16-4-eps-converted-to.pdf
>
(epstopdf)                    date: 2014-10-31 17:14:57
(epstopdf)                    size: 20133 bytes
(epstopdf)             Command: <repstopdf --outfile=Imagenes/pregunta16-4-eps-
converted-to.pdf Imagenes/pregunta16-4.eps>
(epstopdf)             \includegraphics on input line 445.
Package epstopdf Info: Output file is already uptodate.

<Imagenes/pregunta16-4-eps-converted-to.pdf, id=101, 597.23125pt x 94.3525pt>
File: Imagenes/pregunta16-4-eps-converted-to.pdf Graphic file (type pdf)

<use Imagenes/pregunta16-4-eps-converted-to.pdf>
Package pdftex.def Info: Imagenes/pregunta16-4-eps-converted-to.pdf used on inp
ut line 445.
(pdftex.def)             Requested size: 238.88826pt x 37.74031pt.
Package epstopdf Info: Source file: <Imagenes/pregunta16-5.eps>
(epstopdf)                    date: 2014-10-31 14:17:43
(epstopdf)                    size: 1291947 bytes
(epstopdf)             Output file: <Imagenes/pregunta16-5-eps-converted-to.pdf
>
(epstopdf)                    date: 2014-10-31 17:14:58
(epstopdf)                    size: 31139 bytes
(epstopdf)             Command: <repstopdf --outfile=Imagenes/pregunta16-5-eps-
converted-to.pdf Imagenes/pregunta16-5.eps>
(epstopdf)             \includegraphics on input line 454.
Package epstopdf Info: Output file is already uptodate.

<Imagenes/pregunta16-5-eps-converted-to.pdf, id=102, 605.26125pt x 352.31625pt>
File: Imagenes/pregunta16-5-eps-converted-to.pdf Graphic file (type pdf)
<use Imagenes/pregunta16-5-eps-converted-to.pdf>
Package pdftex.def Info: Imagenes/pregunta16-5-eps-converted-to.pdf used on inp
ut line 454.
(pdftex.def)             Requested size: 363.15953pt x 211.39137pt.
 [16 <./Imagenes/pregunta16-2-eps-converted-to.pdf> <./Imagenes/pregunta16-3-ep
s-converted-to.pdf> <./Imagenes/pregunta16-4-eps-converted-to.pdf>]
Overfull \hbox (30.88722pt too wide) in paragraph at lines 464--465
[]\T1/cmr/m/n/10.95 Para po-der im-por-tar BD ma-yo-res de 8MB, so-lo te-ne-mos
 que cam-biar la va-ria-ble post_max_size,
 []

Package epstopdf Info: Source file: <Imagenes/sub16-1.eps>
(epstopdf)                    date: 2014-10-31 16:59:27
(epstopdf)                    size: 298719 bytes
(epstopdf)             Output file: <Imagenes/sub16-1-eps-converted-to.pdf>
(epstopdf)                    date: 2014-10-31 17:10:57
(epstopdf)                    size: 15330 bytes
(epstopdf)             Command: <repstopdf --outfile=Imagenes/sub16-1-eps-conve
rted-to.pdf Imagenes/sub16-1.eps>
(epstopdf)             \includegraphics on input line 472.
Package epstopdf Info: Output file is already uptodate.
<Imagenes/sub16-1-eps-converted-to.pdf, id=115, 711.65875pt x 68.255pt>
File: Imagenes/sub16-1-eps-converted-to.pdf Graphic file (type pdf)

<use Imagenes/sub16-1-eps-converted-to.pdf>
Package pdftex.def Info: Imagenes/sub16-1-eps-converted-to.pdf used on input li
ne 472.
(pdftex.def)             Requested size: 284.65845pt x 27.3015pt.
Package epstopdf Info: Source file: <Imagenes/sub16-2.eps>
(epstopdf)                    date: 2014-10-31 16:59:36
(epstopdf)                    size: 1153431 bytes
(epstopdf)             Output file: <Imagenes/sub16-2-eps-converted-to.pdf>
(epstopdf)                    date: 2014-10-31 17:10:58
(epstopdf)                    size: 53711 bytes
(epstopdf)             Command: <repstopdf --outfile=Imagenes/sub16-2-eps-conve
rted-to.pdf Imagenes/sub16-2.eps>
(epstopdf)             \includegraphics on input line 481.
Package epstopdf Info: Output file is already uptodate.

<Imagenes/sub16-2-eps-converted-to.pdf, id=116, 712.6625pt x 266.9975pt>
File: Imagenes/sub16-2-eps-converted-to.pdf Graphic file (type pdf)

<use Imagenes/sub16-2-eps-converted-to.pdf>
Package pdftex.def Info: Imagenes/sub16-2-eps-converted-to.pdf used on input li
ne 481.
(pdftex.def)             Requested size: 285.05995pt x 106.79709pt.
 [17 <./Imagenes/pregunta16-5-eps-converted-to.pdf> <./Imagenes/sub16-1-eps-con
verted-to.pdf>]
Package epstopdf Info: Source file: <Imagenes/sub16-3.eps>
(epstopdf)                    date: 2014-10-31 16:59:40
(epstopdf)                    size: 1153431 bytes
(epstopdf)             Output file: <Imagenes/sub16-3-eps-converted-to.pdf>
(epstopdf)                    date: 2014-10-31 17:10:59
(epstopdf)                    size: 53711 bytes
(epstopdf)             Command: <repstopdf --outfile=Imagenes/sub16-3-eps-conve
rted-to.pdf Imagenes/sub16-3.eps>
(epstopdf)             \includegraphics on input line 490.
Package epstopdf Info: Output file is already uptodate.

<Imagenes/sub16-3-eps-converted-to.pdf, id=126, 712.6625pt x 266.9975pt>
File: Imagenes/sub16-3-eps-converted-to.pdf Graphic file (type pdf)

<use Imagenes/sub16-3-eps-converted-to.pdf>
Package pdftex.def Info: Imagenes/sub16-3-eps-converted-to.pdf used on input li
ne 490.
(pdftex.def)             Requested size: 285.05995pt x 106.79709pt.
Package epstopdf Info: Source file: <Imagenes/sub16-4.eps>
(epstopdf)                    date: 2014-10-31 16:59:45
(epstopdf)                    size: 541898 bytes
(epstopdf)             Output file: <Imagenes/sub16-4-eps-converted-to.pdf>
(epstopdf)                    date: 2014-10-31 17:11:00
(epstopdf)                    size: 28735 bytes
(epstopdf)             Command: <repstopdf --outfile=Imagenes/sub16-4-eps-conve
rted-to.pdf Imagenes/sub16-4.eps>
(epstopdf)             \includegraphics on input line 499.
Package epstopdf Info: Output file is already uptodate.

<Imagenes/sub16-4-eps-converted-to.pdf, id=127, 646.415pt x 137.51375pt>
File: Imagenes/sub16-4-eps-converted-to.pdf Graphic file (type pdf)

<use Imagenes/sub16-4-eps-converted-to.pdf>
Package pdftex.def Info: Imagenes/sub16-4-eps-converted-to.pdf used on input li
ne 499.
(pdftex.def)             Requested size: 258.56142pt x 55.00452pt.
Package epstopdf Info: Source file: <Imagenes/sub16-5.eps>
(epstopdf)                    date: 2014-10-31 16:59:52
(epstopdf)                    size: 243480 bytes
(epstopdf)             Output file: <Imagenes/sub16-5-eps-converted-to.pdf>
(epstopdf)                    date: 2014-10-31 17:11:00
(epstopdf)                    size: 15676 bytes
(epstopdf)             Command: <repstopdf --outfile=Imagenes/sub16-5-eps-conve
rted-to.pdf Imagenes/sub16-5.eps>
(epstopdf)             \includegraphics on input line 508.
Package epstopdf Info: Output file is already uptodate.

<Imagenes/sub16-5-eps-converted-to.pdf, id=128, 633.36626pt x 62.2325pt>
File: Imagenes/sub16-5-eps-converted-to.pdf Graphic file (type pdf)

<use Imagenes/sub16-5-eps-converted-to.pdf>
Package pdftex.def Info: Imagenes/sub16-5-eps-converted-to.pdf used on input li
ne 508.
(pdftex.def)             Requested size: 253.34201pt x 24.89255pt.
Package epstopdf Info: Source file: <Imagenes/sub16-6.eps>
(epstopdf)                    date: 2014-10-31 16:59:58
(epstopdf)                    size: 994580 bytes
(epstopdf)             Output file: <Imagenes/sub16-6-eps-converted-to.pdf>
(epstopdf)                    date: 2014-10-31 17:11:01
(epstopdf)                    size: 48025 bytes
(epstopdf)             Command: <repstopdf --outfile=Imagenes/sub16-6-eps-conve
rted-to.pdf Imagenes/sub16-6.eps>
(epstopdf)             \includegraphics on input line 517.
Package epstopdf Info: Output file is already uptodate.

<Imagenes/sub16-6-eps-converted-to.pdf, id=129, 722.7pt x 226.8475pt>
File: Imagenes/sub16-6-eps-converted-to.pdf Graphic file (type pdf)

<use Imagenes/sub16-6-eps-converted-to.pdf>
Package pdftex.def Info: Imagenes/sub16-6-eps-converted-to.pdf used on input li
ne 517.
(pdftex.def)             Requested size: 289.07487pt x 90.73738pt.
 [18 <./Imagenes/sub16-2-eps-converted-to.pdf> <./Imagenes/sub16-3-eps-converte
d-to.pdf> <./Imagenes/sub16-4-eps-converted-to.pdf> <./Imagenes/sub16-5-eps-con
verted-to.pdf>]
Package epstopdf Info: Source file: <Imagenes/sub16-7.eps>
(epstopdf)                    date: 2014-10-31 17:00:07
(epstopdf)                    size: 321593 bytes
(epstopdf)             Output file: <Imagenes/sub16-7-eps-converted-to.pdf>
(epstopdf)                    date: 2014-10-31 17:11:02
(epstopdf)                    size: 17893 bytes
(epstopdf)             Command: <repstopdf --outfile=Imagenes/sub16-7-eps-conve
rted-to.pdf Imagenes/sub16-7.eps>
(epstopdf)             \includegraphics on input line 526.
Package epstopdf Info: Output file is already uptodate.

<Imagenes/sub16-7-eps-converted-to.pdf, id=145, 714.67pt x 73.27374pt>
File: Imagenes/sub16-7-eps-converted-to.pdf Graphic file (type pdf)

<use Imagenes/sub16-7-eps-converted-to.pdf>
Package pdftex.def Info: Imagenes/sub16-7-eps-converted-to.pdf used on input li
ne 526.
(pdftex.def)             Requested size: 285.86293pt x 29.30896pt.
Package epstopdf Info: Source file: <Imagenes/cpanel1.eps>
(epstopdf)                    date: 2014-10-31 15:22:11
(epstopdf)                    size: 6380976 bytes
(epstopdf)             Output file: <Imagenes/cpanel1-eps-converted-to.pdf>
(epstopdf)                    date: 2014-10-31 16:54:44
(epstopdf)                    size: 376091 bytes
(epstopdf)             Command: <repstopdf --outfile=Imagenes/cpanel1-eps-conve
rted-to.pdf Imagenes/cpanel1.eps>
(epstopdf)             \includegraphics on input line 538.
Package epstopdf Info: Output file is already uptodate.

<Imagenes/cpanel1-eps-converted-to.pdf, id=146, 1371.1225pt x 770.88pt>
File: Imagenes/cpanel1-eps-converted-to.pdf Graphic file (type pdf)

<use Imagenes/cpanel1-eps-converted-to.pdf>
Package pdftex.def Info: Imagenes/cpanel1-eps-converted-to.pdf used on input li
ne 538.
(pdftex.def)             Requested size: 274.21964pt x 154.17326pt.

! Undefined control sequence.
\Url Error ->\url used in a moving argument. 
                                             
l.539 ...de inicio \url{http://cpanel.net/demo/}.}
                                                  
The control sequence at the end of the top line
of your error message was never \def'ed. If you have
misspelled it (e.g., `\hobx'), type `I' and the correct
spelling (e.g., `I\hbox'). Otherwise just continue,
and I'll forget about whatever was undefined.

Package epstopdf Info: Source file: <Imagenes/cpanel2.eps>
(epstopdf)                    date: 2014-10-31 15:22:22
(epstopdf)                    size: 6380976 bytes
(epstopdf)             Output file: <Imagenes/cpanel2-eps-converted-to.pdf>
(epstopdf)                    date: 2014-10-31 16:54:48
(epstopdf)                    size: 377305 bytes
(epstopdf)             Command: <repstopdf --outfile=Imagenes/cpanel2-eps-conve
rted-to.pdf Imagenes/cpanel2.eps>
(epstopdf)             \includegraphics on input line 548.
Package epstopdf Info: Output file is already uptodate.
<Imagenes/cpanel2-eps-converted-to.pdf, id=147, 1371.1225pt x 770.88pt>
File: Imagenes/cpanel2-eps-converted-to.pdf Graphic file (type pdf)

<use Imagenes/cpanel2-eps-converted-to.pdf>
Package pdftex.def Info: Imagenes/cpanel2-eps-converted-to.pdf used on input li
ne 548.
(pdftex.def)             Requested size: 411.33992pt x 231.26578pt.
 [19 <./Imagenes/sub16-6-eps-converted-to.pdf> <./Imagenes/sub16-7-eps-converte
d-to.pdf> <./Imagenes/cpanel1-eps-converted-to.pdf>]
Package epstopdf Info: Source file: <Imagenes/cpanel3.eps>
(epstopdf)                    date: 2014-10-31 15:23:34
(epstopdf)                    size: 6380976 bytes
(epstopdf)             Output file: <Imagenes/cpanel3-eps-converted-to.pdf>
(epstopdf)                    date: 2014-10-31 16:54:52
(epstopdf)                    size: 248946 bytes
(epstopdf)             Command: <repstopdf --outfile=Imagenes/cpanel3-eps-conve
rted-to.pdf Imagenes/cpanel3.eps>
(epstopdf)             \includegraphics on input line 557.
Package epstopdf Info: Output file is already uptodate.

<Imagenes/cpanel3-eps-converted-to.pdf, id=161, 1371.1225pt x 770.88pt>
File: Imagenes/cpanel3-eps-converted-to.pdf Graphic file (type pdf)

<use Imagenes/cpanel3-eps-converted-to.pdf>
Package pdftex.def Info: Imagenes/cpanel3-eps-converted-to.pdf used on input li
ne 557.
(pdftex.def)             Requested size: 411.33992pt x 231.26578pt.
Package epstopdf Info: Source file: <Imagenes/cpanel4.eps>
(epstopdf)                    date: 2014-10-31 15:23:46
(epstopdf)                    size: 6380976 bytes
(epstopdf)             Output file: <Imagenes/cpanel4-eps-converted-to.pdf>
(epstopdf)                    date: 2014-10-31 16:54:56
(epstopdf)                    size: 253863 bytes
(epstopdf)             Command: <repstopdf --outfile=Imagenes/cpanel4-eps-conve
rted-to.pdf Imagenes/cpanel4.eps>
(epstopdf)             \includegraphics on input line 565.
Package epstopdf Info: Output file is already uptodate.

<Imagenes/cpanel4-eps-converted-to.pdf, id=162, 1371.1225pt x 770.88pt>
File: Imagenes/cpanel4-eps-converted-to.pdf Graphic file (type pdf)

<use Imagenes/cpanel4-eps-converted-to.pdf>
Package pdftex.def Info: Imagenes/cpanel4-eps-converted-to.pdf used on input li
ne 565.
(pdftex.def)             Requested size: 411.33992pt x 231.26578pt.
 [20 <./Imagenes/cpanel2-eps-converted-to.pdf> <./Imagenes/cpanel3-eps-converte
d-to.pdf>]
Package epstopdf Info: Source file: <Imagenes/cpanel5.eps>
(epstopdf)                    date: 2014-10-31 15:23:52
(epstopdf)                    size: 6380976 bytes
(epstopdf)             Output file: <Imagenes/cpanel5-eps-converted-to.pdf>
(epstopdf)                    date: 2014-10-31 16:55:00
(epstopdf)                    size: 294715 bytes
(epstopdf)             Command: <repstopdf --outfile=Imagenes/cpanel5-eps-conve
rted-to.pdf Imagenes/cpanel5.eps>
(epstopdf)             \includegraphics on input line 576.
Package epstopdf Info: Output file is already uptodate.

<Imagenes/cpanel5-eps-converted-to.pdf, id=172, 1371.1225pt x 770.88pt>
File: Imagenes/cpanel5-eps-converted-to.pdf Graphic file (type pdf)

<use Imagenes/cpanel5-eps-converted-to.pdf>
Package pdftex.def Info: Imagenes/cpanel5-eps-converted-to.pdf used on input li
ne 576.
(pdftex.def)             Requested size: 274.21964pt x 154.17326pt.
Package epstopdf Info: Source file: <Imagenes/cpanel6.eps>
(epstopdf)                    date: 2014-10-31 15:24:03
(epstopdf)                    size: 6380976 bytes
(epstopdf)             Output file: <Imagenes/cpanel6-eps-converted-to.pdf>
(epstopdf)                    date: 2014-10-31 16:55:05
(epstopdf)                    size: 305816 bytes
(epstopdf)             Command: <repstopdf --outfile=Imagenes/cpanel6-eps-conve
rted-to.pdf Imagenes/cpanel6.eps>
(epstopdf)             \includegraphics on input line 587.
Package epstopdf Info: Output file is already uptodate.

<Imagenes/cpanel6-eps-converted-to.pdf, id=173, 1371.1225pt x 770.88pt>
File: Imagenes/cpanel6-eps-converted-to.pdf Graphic file (type pdf)

<use Imagenes/cpanel6-eps-converted-to.pdf>
Package pdftex.def Info: Imagenes/cpanel6-eps-converted-to.pdf used on input li
ne 587.
(pdftex.def)             Requested size: 274.21964pt x 154.17326pt.
 [21 <./Imagenes/cpanel4-eps-converted-to.pdf> <./Imagenes/cpanel5-eps-converte
d-to.pdf>]
Package epstopdf Info: Source file: <Imagenes/cpanel7.eps>
(epstopdf)                    date: 2014-10-31 15:24:11
(epstopdf)                    size: 6380976 bytes
(epstopdf)             Output file: <Imagenes/cpanel7-eps-converted-to.pdf>
(epstopdf)                    date: 2014-10-31 16:55:09
(epstopdf)                    size: 193492 bytes
(epstopdf)             Command: <repstopdf --outfile=Imagenes/cpanel7-eps-conve
rted-to.pdf Imagenes/cpanel7.eps>
(epstopdf)             \includegraphics on input line 598.
Package epstopdf Info: Output file is already uptodate.

<Imagenes/cpanel7-eps-converted-to.pdf, id=183, 1371.1225pt x 770.88pt>
File: Imagenes/cpanel7-eps-converted-to.pdf Graphic file (type pdf)

<use Imagenes/cpanel7-eps-converted-to.pdf>
Package pdftex.def Info: Imagenes/cpanel7-eps-converted-to.pdf used on input li
ne 598.
(pdftex.def)             Requested size: 411.33992pt x 231.26578pt.
Package epstopdf Info: Source file: <Imagenes/firefox.eps>
(epstopdf)                    date: 2014-10-31 15:53:54
(epstopdf)                    size: 225346 bytes
(epstopdf)             Output file: <Imagenes/firefox-eps-converted-to.pdf>
(epstopdf)                    date: 2014-10-31 16:55:09
(epstopdf)                    size: 20571 bytes
(epstopdf)             Command: <repstopdf --outfile=Imagenes/firefox-eps-conve
rted-to.pdf Imagenes/firefox.eps>
(epstopdf)             \includegraphics on input line 612.
Package epstopdf Info: Output file is already uptodate.

<Imagenes/firefox-eps-converted-to.pdf, id=184, 636.3775pt x 57.21375pt>
File: Imagenes/firefox-eps-converted-to.pdf Graphic file (type pdf)

<use Imagenes/firefox-eps-converted-to.pdf>
Package pdftex.def Info: Imagenes/firefox-eps-converted-to.pdf used on input li
ne 612.
(pdftex.def)             Requested size: 254.5465pt x 22.88509pt.
 [22 <./Imagenes/cpanel6-eps-converted-to.pdf> <./Imagenes/cpanel7-eps-converte
d-to.pdf>]
Package epstopdf Info: Source file: <Imagenes/denegado.eps>
(epstopdf)                    date: 2014-10-31 15:54:12
(epstopdf)                    size: 191912 bytes
(epstopdf)             Output file: <Imagenes/denegado-eps-converted-to.pdf>
(epstopdf)                    date: 2014-10-31 16:55:09
(epstopdf)                    size: 26029 bytes
(epstopdf)             Command: <repstopdf --outfile=Imagenes/denegado-eps-conv
erted-to.pdf Imagenes/denegado.eps>
(epstopdf)             \includegraphics on input line 621.
Package epstopdf Info: Output file is already uptodate.

<Imagenes/denegado-eps-converted-to.pdf, id=194, 445.665pt x 69.25874pt>
File: Imagenes/denegado-eps-converted-to.pdf Graphic file (type pdf)

<use Imagenes/denegado-eps-converted-to.pdf>
Package pdftex.def Info: Imagenes/denegado-eps-converted-to.pdf used on input l
ine 621.
(pdftex.def)             Requested size: 178.26283pt x 27.70299pt.
Package epstopdf Info: Source file: <Imagenes/correcta.eps>
(epstopdf)                    date: 2014-10-31 15:54:28
(epstopdf)                    size: 237422 bytes
(epstopdf)             Output file: <Imagenes/correcta-eps-converted-to.pdf>
(epstopdf)                    date: 2014-10-31 17:29:06
(epstopdf)                    size: 18728 bytes
(epstopdf)             Command: <repstopdf --outfile=Imagenes/correcta-eps-conv
erted-to.pdf Imagenes/correcta.eps>
(epstopdf)             \includegraphics on input line 631.
Package epstopdf Info: Output file is already uptodate.

<Imagenes/correcta-eps-converted-to.pdf, id=195, 627.34375pt x 61.22874pt>
File: Imagenes/correcta-eps-converted-to.pdf Graphic file (type pdf)

<use Imagenes/correcta-eps-converted-to.pdf>
Package pdftex.def Info: Imagenes/correcta-eps-converted-to.pdf used on input l
ine 631.
(pdftex.def)             Requested size: 250.93304pt x 24.49104pt.
Package epstopdf Info: Source file: <Imagenes/scriptsed.eps>
(epstopdf)                    date: 2014-10-31 16:40:03
(epstopdf)                    size: 565795 bytes
(epstopdf)             Output file: <Imagenes/scriptsed-eps-converted-to.pdf>
(epstopdf)                    date: 2014-10-31 16:55:10
(epstopdf)                    size: 35194 bytes
(epstopdf)             Command: <repstopdf --outfile=Imagenes/scriptsed-eps-con
verted-to.pdf Imagenes/scriptsed.eps>
(epstopdf)             \includegraphics on input line 647.
Package epstopdf Info: Output file is already uptodate.

<Imagenes/scriptsed-eps-converted-to.pdf, id=196, 642.4pt x 144.54pt>
File: Imagenes/scriptsed-eps-converted-to.pdf Graphic file (type pdf)

<use Imagenes/scriptsed-eps-converted-to.pdf>
Package pdftex.def Info: Imagenes/scriptsed-eps-converted-to.pdf used on input 
line 647.
(pdftex.def)             Requested size: 256.95544pt x 57.81496pt.
 [23 <./Imagenes/firefox-eps-converted-to.pdf> <./Imagenes/denegado-eps-convert
ed-to.pdf> <./Imagenes/correcta-eps-converted-to.pdf> <./Imagenes/scriptsed-eps
-converted-to.pdf>]
Package epstopdf Info: Source file: <Imagenes/scriptpy.eps>
(epstopdf)                    date: 2014-10-31 17:54:58
(epstopdf)                    size: 1529837 bytes
(epstopdf)             Output file: <Imagenes/scriptpy-eps-converted-to.pdf>
(epstopdf)                    date: 2014-10-31 17:57:30
(epstopdf)                    size: 57365 bytes
(epstopdf)             Command: <repstopdf --outfile=Imagenes/scriptpy-eps-conv
erted-to.pdf Imagenes/scriptpy.eps>
(epstopdf)             \includegraphics on input line 662.
Package epstopdf Info: Output file is already uptodate.

<Imagenes/scriptpy-eps-converted-to.pdf, id=213, 953.5625pt x 264.99pt>
File: Imagenes/scriptpy-eps-converted-to.pdf Graphic file (type pdf)

<use Imagenes/scriptpy-eps-converted-to.pdf>
Package pdftex.def Info: Imagenes/scriptpy-eps-converted-to.pdf used on input l
ine 662.
(pdftex.def)             Requested size: 381.41824pt x 105.99411pt.
Package epstopdf Info: Source file: <Imagenes/ejercicio19-2.eps>
(epstopdf)                    date: 2014-10-31 16:58:46
(epstopdf)                    size: 2477131 bytes
(epstopdf)             Output file: <Imagenes/ejercicio19-2-eps-converted-to.pd
f>
(epstopdf)                    date: 2014-10-31 17:00:13
(epstopdf)                    size: 207366 bytes
(epstopdf)             Command: <repstopdf --outfile=Imagenes/ejercicio19-2-eps
-converted-to.pdf Imagenes/ejercicio19-2.eps>
(epstopdf)             \includegraphics on input line 679.
Package epstopdf Info: Output file is already uptodate.

<Imagenes/ejercicio19-2-eps-converted-to.pdf, id=214, 659.46375pt x 621.32124pt
>
File: Imagenes/ejercicio19-2-eps-converted-to.pdf Graphic file (type pdf)
 <use Imagenes/ejercicio19-2-eps-converted-to.pdf>
Package pdftex.def Info: Imagenes/ejercicio19-2-eps-converted-to.pdf used on in
put line 679.
(pdftex.def)             Requested size: 263.78082pt x 248.5241pt.
 [24 <./Imagenes/scriptpy-eps-converted-to.pdf>]
Package epstopdf Info: Source file: <Imagenes/ejercicio19-3.eps>
(epstopdf)                    date: 2014-10-31 16:58:53
(epstopdf)                    size: 884290 bytes
(epstopdf)             Output file: <Imagenes/ejercicio19-3-eps-converted-to.pd
f>
(epstopdf)                    date: 2014-10-31 17:00:14
(epstopdf)                    size: 64059 bytes
(epstopdf)             Command: <repstopdf --outfile=Imagenes/ejercicio19-3-eps
-converted-to.pdf Imagenes/ejercicio19-3.eps>
(epstopdf)             \includegraphics on input line 690.
Package epstopdf Info: Output file is already uptodate.

<Imagenes/ejercicio19-3-eps-converted-to.pdf, id=221, 918.43124pt x 158.5925pt>
File: Imagenes/ejercicio19-3-eps-converted-to.pdf Graphic file (type pdf)
<use Imagenes/ejercicio19-3-eps-converted-to.pdf>
Package pdftex.def Info: Imagenes/ejercicio19-3-eps-converted-to.pdf used on in
put line 690.
(pdftex.def)             Requested size: 367.36598pt x 63.43585pt.

(./plantillaEjemploSimplificada.bbl
Underfull \hbox (badness 5050) in paragraph at lines 4--8
[]\T1/cmr/m/n/10.95 Ubuntu Al-ways.  Co-mo usar apt y el res-to del sis-te-ma p
or proxy.
 []


Underfull \hbox (badness 10000) in paragraph at lines 4--8
\T1/cmr/m/n/10.95 http://ubuntualways.wordpress.com/2012/12/11/como-usar-apt-ge
t-y-el-resto-
 []

[25 <./Imagenes/ejercicio19-2-eps-converted-to.pdf> <./Imagenes/ejercicio19-3-e
ps-converted-to.pdf>]
! Missing $ inserted.
<inserted text> 
                $
l.28 ...project.org/es-ES/Fedora/14/html/Software_
                                                  Management_Guide/Uso_del_c...
I've inserted a begin-math/end-math symbol since I think
you left one out. Proceed, with fingers crossed.

! Missing $ inserted.
<inserted text> 
                $
l.29 
     
I've inserted a begin-math/end-math symbol since I think
you left one out. Proceed, with fingers crossed.

! Missing } inserted.
<inserted text> 
                }
l.29 
     
I've inserted something that you may have forgotten.
(See the <inserted text> above.)
With luck, this will get me unwedged. But if you
really didn't forget anything, try typing `2' now; then
my insertion and my current dilemma will both disappear.


Underfull \hbox (badness 2846) in paragraph at lines 25--29
[]\T1/cmr/m/n/10.95 FedoraProject.  Uso del co-man-do yum.  http://docs.fedorap
roject.org/es-
 []

! Extra }, or forgotten \endgroup.
\par ...m \@noitemerr {\@@par }\fi \else {\@@par }
                                                  \fi 
l.29 
     
I've deleted a group-closing symbol because it seems to be
spurious, as in `$x}$'. But perhaps the } is legitimate and
you forgot something else, as in `\hbox{$x}'. In such cases
the way to recover is to insert both the forgotten and the
deleted material, e.g., by typing `I$}'.

! Missing $ inserted.
<inserted text> 
                $
l.34   http://docs.fedoraproject.org/es-ES/Fedora_
                                                  Core/4/html/Software_Manag...
I've inserted a begin-math/end-math symbol since I think
you left one out. Proceed, with fingers crossed.

! Missing $ inserted.
<inserted text> 
                $
l.35 
     
I've inserted a begin-math/end-math symbol since I think
you left one out. Proceed, with fingers crossed.

! Missing } inserted.
<inserted text> 
                }
l.35 
     
I've inserted something that you may have forgotten.
(See the <inserted text> above.)
With luck, this will get me unwedged. But if you
really didn't forget anything, try typing `2' now; then
my insertion and my current dilemma will both disappear.

! Extra }, or forgotten \endgroup.
\par ...m \@noitemerr {\@@par }\fi \else {\@@par }
                                                  \fi 
l.35 
     
I've deleted a group-closing symbol because it seems to be
spurious, as in `$x}$'. But perhaps the } is legitimate and
you forgot something else, as in `\hbox{$x}'. In such cases
the way to recover is to insert both the forgotten and the
deleted material, e.g., by typing `I$}'.


Underfull \hbox (badness 10000) in paragraph at lines 37--41
[]\T1/cmr/m/n/10.95 Guia-Ubuntu.  Aña-dir re-po-si-to-ri-so en ubun-tu.  http:/
/www.guia-
 []


Underfull \hbox (badness 10000) in paragraph at lines 43--46
[]\T1/cmr/m/n/10.95 Guia-Ubuntu.  Co-man-do apt-get en ubun-tu.  http://www.ubu
ntu-
 []

! Missing $ inserted.
<inserted text> 
                $
l.51 ...project.org/es-ES/Fedora/14/html/Software_
                                                  Management_Guide/Configura...
I've inserted a begin-math/end-math symbol since I think
you left one out. Proceed, with fingers crossed.

! Missing $ inserted.
<inserted text> 
                $
l.52 
     
I've inserted a begin-math/end-math symbol since I think
you left one out. Proceed, with fingers crossed.

! Missing } inserted.
<inserted text> 
                }
l.52 
     
I've inserted something that you may have forgotten.
(See the <inserted text> above.)
With luck, this will get me unwedged. But if you
really didn't forget anything, try typing `2' now; then
my insertion and my current dilemma will both disappear.


Underfull \hbox (badness 10000) in paragraph at lines 48--52
[]\T1/cmr/m/n/10.95 Fedora Pro-ject.  con-fi-gu-ra-cion yum.  http://docs.fedor
aproject.org/es-
 []

! Extra }, or forgotten \endgroup.
\par ...m \@noitemerr {\@@par }\fi \else {\@@par }
                                                  \fi 
l.52 
     
I've deleted a group-closing symbol because it seems to be
spurious, as in `$x}$'. But perhaps the } is legitimate and
you forgot something else, as in `\hbox{$x}'. In such cases
the way to recover is to insert both the forgotten and the
deleted material, e.g., by typing `I$}'.

) [26] (./plantillaEjemploSimplificada.aux
LaTeX Info: Redefining \. on input line 6.
LaTeX Info: Redefining \% on input line 6.
) ) 
Here is how much of TeX's memory you used:
 5261 strings out of 493304
 78121 string characters out of 6139871
 183546 words of memory out of 5000000
 8560 multiletter control sequences out of 15000+600000
 23319 words of font info for 66 fonts, out of 8000000 for 9000
 957 hyphenation exceptions out of 8191
 46i,11n,47p,466b,476s stack positions out of 5000i,500n,10000p,200000b,80000s
{/usr/share/texmf/fonts/enc/dvips/cm-super/cm-super-t1.enc}</usr/share/texli
ve/texmf-dist/fonts/type1/public/amsfonts/cm/cmmi10.pfb></usr/share/texlive/tex
mf-dist/fonts/type1/public/amsfonts/cm/cmmi8.pfb></usr/share/texlive/texmf-dist
/fonts/type1/public/amsfonts/cm/cmr10.pfb></usr/share/texlive/texmf-dist/fonts/
type1/public/amsfonts/cm/cmsy10.pfb></usr/share/texmf/fonts/type1/public/cm-sup
er/sfbx1095.pfb></usr/share/texmf/fonts/type1/public/cm-super/sfcc1095.pfb></us
r/share/texmf/fonts/type1/public/cm-super/sfrm0600.pfb></usr/share/texmf/fonts/
type1/public/cm-super/sfrm0800.pfb></usr/share/texmf/fonts/type1/public/cm-supe
r/sfrm0900.pfb></usr/share/texmf/fonts/type1/public/cm-super/sfrm1095.pfb></usr
/share/texmf/fonts/type1/public/cm-super/sfrm1440.pfb></usr/share/texmf/fonts/t
ype1/public/cm-super/sfrm2074.pfb></usr/share/texmf/fonts/type1/public/cm-super
/sfsx1095.pfb></usr/share/texmf/fonts/type1/public/cm-super/sfsx1200.pfb></usr/
share/texmf/fonts/type1/public/cm-super/sfsx1440.pfb></usr/share/texmf/fonts/ty
pe1/public/cm-super/sftt1095.pfb>
Output written on plantillaEjemploSimplificada.pdf (26 pages, 3968207 bytes).
PDF statistics:
 290 PDF objects out of 1000 (max. 8388607)
 176 compressed objects within 2 object streams
 0 named destinations out of 1000 (max. 500000)
 171 words of extra memory for PDF output out of 10000 (max. 10000000)

